<?xml version="1.0" encoding="UTF-8"?>
<!-- Generated by org.testng.reporters.JUnitReportReporter -->
<testsuite skipped="0" hostname="D-113071534" name="test.day2" tests="1" failures="0" timestamp="11 Feb 2019 08:12:47 GMT" time="0.003" errors="0">
  <testcase name="ploan" time="0.003" classname="test.day2"/>
</testsuite> <!-- test.day2 -->
