<?xml version="1.0" encoding="UTF-8"?>
<!-- Generated by org.testng.reporters.JUnitReportReporter -->
<testsuite skipped="0" hostname="D-113071534" name="test.GlobalisePrac" tests="1" failures="0" timestamp="11 Feb 2019 08:17:24 GMT" time="13.468" errors="0">
  <testcase name="login" time="13.468" classname="test.GlobalisePrac"/>
</testsuite> <!-- test.GlobalisePrac -->
